<?xml version="1.0" encoding="UTF-8"?>
<!-- Generated by org.testng.reporters.JUnitReportReporter -->
<testsuite hostname="SAIDAHMADs-MacBook-Pro.local" failures="0" tests="3" name="testngFiles.TestBase" time="3.979" errors="0" timestamp="16 Nov 2019 01:45:12 GMT" skipped="0">
  <testcase classname="testngFiles.TestBase" name="Login" time="3.977"/>
  <testcase classname="testngFiles.TestBase" name="deinstallsoftware" time="0.001"/>
  <testcase classname="testngFiles.TestBase" name="software" time="0.001"/>
</testsuite> <!-- testngFiles.TestBase -->
