<?xml version="1.0" encoding="UTF-8"?>
<!-- Generated by org.testng.reporters.JUnitReportReporter -->
<testsuite hostname="SAIDAHMADs-MacBook-Pro.local" failures="0" tests="3" name="testngFiles.Annot2" time="4.803" errors="0" timestamp="16 Nov 2019 01:19:48 GMT" skipped="0">
  <testcase classname="testngFiles.Annot2" name="Login" time="4.802"/>
  <testcase classname="testngFiles.Annot2" name="software" time="0.001"/>
  <testcase classname="testngFiles.Annot2" name="deinstallsoftware" time="0.000"/>
</testsuite> <!-- testngFiles.Annot2 -->
