<?xml version="1.0" encoding="UTF-8"?>
<!-- Generated by org.testng.reporters.JUnitReportReporter -->
<testsuite hostname="SAIDAHMADs-MacBook-Pro.local" failures="0" tests="4" name="test2.fortest2" time="7.347" errors="0" timestamp="16 Nov 2019 01:42:54 GMT" skipped="0">
  <testcase classname="test2.fortest2" name="software" time="0.001"/>
  <testcase classname="test2.fortest2" name="ploan" time="3.333"/>
  <testcase classname="test2.fortest2" name="Login" time="4.011"/>
  <testcase classname="test2.fortest2" name="deinstallsoftware" time="0.002"/>
</testsuite> <!-- test2.fortest2 -->
