<?xml version="1.0" encoding="UTF-8"?>
<!-- Generated by org.testng.reporters.JUnitReportReporter -->
<testsuite hostname="SAIDAHMADs-MacBook-Pro.local" failures="0" tests="4" name="testngFiles.DependenyTestBase" time="7.619" errors="0" timestamp="04 Dec 2019 23:00:00 GMT" skipped="0">
  <testcase classname="testngFiles.DependenyTestBase" name="DependenyTestBaseMethod1" time="3.664"/>
  <testcase classname="testngFiles.DependenyTestBase" name="deinstallsoftware" time="0.001"/>
  <testcase classname="testngFiles.DependenyTestBase" name="software" time="0.001"/>
  <testcase classname="testngFiles.DependenyTestBase" name="Login" time="3.953"/>
</testsuite> <!-- testngFiles.DependenyTestBase -->
