<?xml version="1.0" encoding="UTF-8"?>
<!-- Generated by org.testng.reporters.JUnitReportReporter -->
<testsuite hostname="SAIDAHMADs-MacBook-Pro.local" failures="0" tests="3" name="testngFiles.TestBase" time="4.812" errors="0" timestamp="04 Dec 2019 23:00:00 GMT" skipped="0">
  <testcase classname="testngFiles.TestBase" name="software" time="0.001"/>
  <testcase classname="testngFiles.TestBase" name="Login" time="4.809"/>
  <testcase classname="testngFiles.TestBase" name="deinstallsoftware" time="0.002"/>
</testsuite> <!-- testngFiles.TestBase -->
